{"/workspaces/campus-device-confirmation/services/device-confirmation/src/appServices.ts": {"path":"/workspaces/campus-device-confirmation/services/device-confirmation/src/appServices.ts","statementMap":{"0":{"start":{"line":1,"column":0},"end":{"line":1,"column":117}},"1":{"start":{"line":2,"column":0},"end":{"line":2,"column":99}},"2":{"start":{"line":4,"column":0},"end":{"line":4,"column":91}},"3":{"start":{"line":5,"column":0},"end":{"line":5,"column":83}},"4":{"start":{"line":6,"column":0},"end":{"line":6,"column":103}},"5":{"start":{"line":8,"column":0},"end":{"line":8,"column":91}},"6":{"start":{"line":9,"column":0},"end":{"line":9,"column":83}},"7":{"start":{"line":10,"column":0},"end":{"line":10,"column":103}},"8":{"start":{"line":11,"column":0},"end":{"line":11,"column":119}},"9":{"start":{"line":13,"column":25},"end":{"line":13,"column":65}},"10":{"start":{"line":14,"column":21},"end":{"line":14,"column":62}},"11":{"start":{"line":15,"column":23},"end":{"line":17,"column":null}},"12":{"start":{"line":20,"column":33},"end":{"line":23,"column":null}},"13":{"start":{"line":26,"column":29},"end":{"line":29,"column":null}},"14":{"start":{"line":32,"column":39},"end":{"line":33,"column":null}},"15":{"start":{"line":36,"column":33},"end":{"line":36,"column":87}},"16":{"start":{"line":37,"column":29},"end":{"line":37,"column":75}},"17":{"start":{"line":38,"column":39},"end":{"line":39,"column":null}},"18":{"start":{"line":42,"column":13},"end":{"line":52,"column":2}}},"fnMap":{},"branchMap":{},"s":{"0":0,"1":0,"2":0,"3":0,"4":0,"5":0,"6":0,"7":0,"8":0,"9":0,"10":0,"11":0,"12":0,"13":0,"14":0,"15":0,"16":0,"17":0,"18":0},"f":{},"b":{}}
,"/workspaces/campus-device-confirmation/services/device-confirmation/src/API/functions/confirm-collection-http.ts": {"path":"/workspaces/campus-device-confirmation/services/device-confirmation/src/API/functions/confirm-collection-http.ts","statementMap":{"0":{"start":{"line":4,"column":0},"end":{"line":4,"column":7}},"1":{"start":{"line":1,"column":0},"end":{"line":1,"column":89}},"2":{"start":{"line":2,"column":0},"end":{"line":2,"column":48}},"3":{"start":{"line":8,"column":2},"end":{"line":41,"column":3}},"4":{"start":{"line":9,"column":18},"end":{"line":9,"column":34}},"5":{"start":{"line":10,"column":56},"end":{"line":10,"column":60}},"6":{"start":{"line":12,"column":4},"end":{"line":19,"column":5}},"7":{"start":{"line":13,"column":6},"end":{"line":18,"column":8}},"8":{"start":{"line":21,"column":19},"end":{"line":26,"column":null}},"9":{"start":{"line":29,"column":4},"end":{"line":29,"column":76}},"10":{"start":{"line":31,"column":4},"end":{"line":34,"column":6}},"11":{"start":{"line":36,"column":4},"end":{"line":36,"column":53}},"12":{"start":{"line":37,"column":4},"end":{"line":40,"column":6}},"13":{"start":{"line":44,"column":0},"end":{"line":49,"column":3}}},"fnMap":{"0":{"name":"confirmCollectionHttp","decl":{"start":{"line":4,"column":22},"end":{"line":4,"column":43}},"loc":{"start":{"line":6,"column":24},"end":{"line":42,"column":1}}}},"branchMap":{"0":{"loc":{"start":{"line":12,"column":4},"end":{"line":19,"column":5}},"type":"if","locations":[{"start":{"line":12,"column":4},"end":{"line":19,"column":5}},{"start":{},"end":{}}]},"1":{"loc":{"start":{"line":12,"column":8},"end":{"line":12,"column":47}},"type":"binary-expr","locations":[{"start":{"line":12,"column":8},"end":{"line":12,"column":16}},{"start":{"line":12,"column":20},"end":{"line":12,"column":34}},{"start":{"line":12,"column":38},"end":{"line":12,"column":47}}]},"2":{"loc":{"start":{"line":39,"column":25},"end":{"line":39,"column":63}},"type":"binary-expr","locations":[{"start":{"line":39,"column":25},"end":{"line":39,"column":36}},{"start":{"line":39,"column":40},"end":{"line":39,"column":63}}]}},"s":{"0":0,"1":0,"2":0,"3":0,"4":0,"5":0,"6":0,"7":0,"8":0,"9":0,"10":0,"11":0,"12":0,"13":0},"f":{"0":0},"b":{"0":[0,0],"1":[0,0,0],"2":[0,0]}}
,"/workspaces/campus-device-confirmation/services/device-confirmation/src/API/functions/confirm-return-http.ts": {"path":"/workspaces/campus-device-confirmation/services/device-confirmation/src/API/functions/confirm-return-http.ts","statementMap":{"0":{"start":{"line":4,"column":0},"end":{"line":4,"column":7}},"1":{"start":{"line":1,"column":0},"end":{"line":1,"column":89}},"2":{"start":{"line":2,"column":0},"end":{"line":2,"column":48}},"3":{"start":{"line":8,"column":2},"end":{"line":41,"column":3}},"4":{"start":{"line":9,"column":18},"end":{"line":9,"column":34}},"5":{"start":{"line":10,"column":56},"end":{"line":10,"column":60}},"6":{"start":{"line":12,"column":4},"end":{"line":19,"column":5}},"7":{"start":{"line":13,"column":6},"end":{"line":18,"column":8}},"8":{"start":{"line":21,"column":19},"end":{"line":26,"column":null}},"9":{"start":{"line":29,"column":4},"end":{"line":29,"column":72}},"10":{"start":{"line":31,"column":4},"end":{"line":34,"column":6}},"11":{"start":{"line":36,"column":4},"end":{"line":36,"column":49}},"12":{"start":{"line":37,"column":4},"end":{"line":40,"column":6}},"13":{"start":{"line":44,"column":0},"end":{"line":49,"column":3}}},"fnMap":{"0":{"name":"confirmReturnHttp","decl":{"start":{"line":4,"column":22},"end":{"line":4,"column":39}},"loc":{"start":{"line":6,"column":24},"end":{"line":42,"column":1}}}},"branchMap":{"0":{"loc":{"start":{"line":12,"column":4},"end":{"line":19,"column":5}},"type":"if","locations":[{"start":{"line":12,"column":4},"end":{"line":19,"column":5}},{"start":{},"end":{}}]},"1":{"loc":{"start":{"line":12,"column":8},"end":{"line":12,"column":47}},"type":"binary-expr","locations":[{"start":{"line":12,"column":8},"end":{"line":12,"column":16}},{"start":{"line":12,"column":20},"end":{"line":12,"column":34}},{"start":{"line":12,"column":38},"end":{"line":12,"column":47}}]},"2":{"loc":{"start":{"line":39,"column":25},"end":{"line":39,"column":63}},"type":"binary-expr","locations":[{"start":{"line":39,"column":25},"end":{"line":39,"column":36}},{"start":{"line":39,"column":40},"end":{"line":39,"column":63}}]}},"s":{"0":0,"1":0,"2":0,"3":0,"4":0,"5":0,"6":0,"7":0,"8":0,"9":0,"10":0,"11":0,"12":0,"13":0},"f":{"0":0},"b":{"0":[0,0],"1":[0,0,0],"2":[0,0]}}
,"/workspaces/campus-device-confirmation/services/device-confirmation/src/API/functions/list-confirmation-actions-http.ts": {"path":"/workspaces/campus-device-confirmation/services/device-confirmation/src/API/functions/list-confirmation-actions-http.ts","statementMap":{"0":{"start":{"line":4,"column":0},"end":{"line":4,"column":7}},"1":{"start":{"line":1,"column":0},"end":{"line":1,"column":89}},"2":{"start":{"line":2,"column":0},"end":{"line":2,"column":48}},"3":{"start":{"line":8,"column":2},"end":{"line":28,"column":3}},"4":{"start":{"line":9,"column":20},"end":{"line":9,"column":57}},"5":{"start":{"line":10,"column":26},"end":{"line":10,"column":69}},"6":{"start":{"line":12,"column":19},"end":{"line":12,"column":45}},"7":{"start":{"line":14,"column":19},"end":{"line":14,"column":83}},"8":{"start":{"line":16,"column":4},"end":{"line":16,"column":55}},"9":{"start":{"line":18,"column":4},"end":{"line":21,"column":6}},"10":{"start":{"line":23,"column":4},"end":{"line":23,"column":59}},"11":{"start":{"line":24,"column":4},"end":{"line":27,"column":6}},"12":{"start":{"line":31,"column":0},"end":{"line":36,"column":3}}},"fnMap":{"0":{"name":"listConfirmationActionsHttp","decl":{"start":{"line":4,"column":22},"end":{"line":4,"column":49}},"loc":{"start":{"line":6,"column":24},"end":{"line":29,"column":1}}}},"branchMap":{"0":{"loc":{"start":{"line":9,"column":20},"end":{"line":9,"column":57}},"type":"binary-expr","locations":[{"start":{"line":9,"column":20},"end":{"line":9,"column":44}},{"start":{"line":9,"column":48},"end":{"line":9,"column":57}}]},"1":{"loc":{"start":{"line":10,"column":26},"end":{"line":10,"column":69}},"type":"binary-expr","locations":[{"start":{"line":10,"column":26},"end":{"line":10,"column":56}},{"start":{"line":10,"column":60},"end":{"line":10,"column":69}}]},"2":{"loc":{"start":{"line":26,"column":25},"end":{"line":26,"column":63}},"type":"binary-expr","locations":[{"start":{"line":26,"column":25},"end":{"line":26,"column":36}},{"start":{"line":26,"column":40},"end":{"line":26,"column":63}}]}},"s":{"0":0,"1":0,"2":0,"3":0,"4":0,"5":0,"6":0,"7":0,"8":0,"9":0,"10":0,"11":0,"12":0},"f":{"0":0},"b":{"0":[0,0],"1":[0,0],"2":[0,0]}}
,"/workspaces/campus-device-confirmation/services/device-confirmation/src/API/functions/list-pending-loans-http.ts": {"path":"/workspaces/campus-device-confirmation/services/device-confirmation/src/API/functions/list-pending-loans-http.ts","statementMap":{"0":{"start":{"line":4,"column":0},"end":{"line":4,"column":7}},"1":{"start":{"line":1,"column":0},"end":{"line":1,"column":89}},"2":{"start":{"line":2,"column":0},"end":{"line":2,"column":48}},"3":{"start":{"line":8,"column":2},"end":{"line":34,"column":3}},"4":{"start":{"line":9,"column":17},"end":{"line":9,"column":54}},"5":{"start":{"line":12,"column":4},"end":{"line":18,"column":5}},"6":{"start":{"line":13,"column":6},"end":{"line":13,"column":66}},"7":{"start":{"line":14,"column":6},"end":{"line":14,"column":68}},"8":{"start":{"line":16,"column":6},"end":{"line":16,"column":70}},"9":{"start":{"line":17,"column":6},"end":{"line":17,"column":72}},"10":{"start":{"line":20,"column":4},"end":{"line":27,"column":6}},"11":{"start":{"line":29,"column":4},"end":{"line":29,"column":52}},"12":{"start":{"line":30,"column":4},"end":{"line":33,"column":6}},"13":{"start":{"line":37,"column":0},"end":{"line":42,"column":3}}},"fnMap":{"0":{"name":"listPendingLoansHttp","decl":{"start":{"line":4,"column":22},"end":{"line":4,"column":42}},"loc":{"start":{"line":6,"column":24},"end":{"line":35,"column":1}}}},"branchMap":{"0":{"loc":{"start":{"line":9,"column":17},"end":{"line":9,"column":54}},"type":"binary-expr","locations":[{"start":{"line":9,"column":17},"end":{"line":9,"column":38}},{"start":{"line":9,"column":42},"end":{"line":9,"column":54}}]},"1":{"loc":{"start":{"line":12,"column":4},"end":{"line":18,"column":5}},"type":"if","locations":[{"start":{"line":12,"column":4},"end":{"line":18,"column":5}},{"start":{"line":15,"column":11},"end":{"line":18,"column":5}}]},"2":{"loc":{"start":{"line":32,"column":25},"end":{"line":32,"column":63}},"type":"binary-expr","locations":[{"start":{"line":32,"column":25},"end":{"line":32,"column":36}},{"start":{"line":32,"column":40},"end":{"line":32,"column":63}}]}},"s":{"0":0,"1":0,"2":0,"3":0,"4":0,"5":0,"6":0,"7":0,"8":0,"9":0,"10":0,"11":0,"12":0,"13":0},"f":{"0":0},"b":{"0":[0,0],"1":[0,0],"2":[0,0]}}
,"/workspaces/campus-device-confirmation/services/device-confirmation/src/API/functions/reservation-events-http.ts": {"path":"/workspaces/campus-device-confirmation/services/device-confirmation/src/API/functions/reservation-events-http.ts","statementMap":{"0":{"start":{"line":6,"column":0},"end":{"line":6,"column":7}},"1":{"start":{"line":1,"column":0},"end":{"line":1,"column":89}},"2":{"start":{"line":2,"column":0},"end":{"line":2,"column":82}},"3":{"start":{"line":3,"column":0},"end":{"line":3,"column":48}},"4":{"start":{"line":10,"column":18},"end":{"line":10,"column":34}},"5":{"start":{"line":13,"column":21},"end":{"line":13,"column":62}},"6":{"start":{"line":14,"column":2},"end":{"line":16,"column":3}},"7":{"start":{"line":15,"column":4},"end":{"line":15,"column":22}},"8":{"start":{"line":19,"column":2},"end":{"line":57,"column":3}},"9":{"start":{"line":20,"column":22},"end":{"line":20,"column":47}},"10":{"start":{"line":21,"column":17},"end":{"line":21,"column":25}},"11":{"start":{"line":23,"column":4},"end":{"line":56,"column":5}},"12":{"start":{"line":25,"column":8},"end":{"line":25,"column":83}},"13":{"start":{"line":28,"column":46},"end":{"line":37,"column":10}},"14":{"start":{"line":39,"column":8},"end":{"line":39,"column":54}},"15":{"start":{"line":40,"column":8},"end":{"line":40,"column":107}},"16":{"start":{"line":41,"column":8},"end":{"line":41,"column":14}},"17":{"start":{"line":44,"column":8},"end":{"line":44,"column":83}},"18":{"start":{"line":46,"column":25},"end":{"line":46,"column":94}},"19":{"start":{"line":47,"column":8},"end":{"line":50,"column":9}},"20":{"start":{"line":48,"column":10},"end":{"line":48,"column":86}},"21":{"start":{"line":49,"column":10},"end":{"line":49,"column":99}},"22":{"start":{"line":51,"column":8},"end":{"line":51,"column":14}},"23":{"start":{"line":54,"column":8},"end":{"line":54,"column":91}},"24":{"start":{"line":55,"column":8},"end":{"line":55,"column":14}},"25":{"start":{"line":59,"column":2},"end":{"line":59,"column":25}},"26":{"start":{"line":62,"column":0},"end":{"line":67,"column":3}}},"fnMap":{"0":{"name":"reservationEventsHttp","decl":{"start":{"line":6,"column":22},"end":{"line":6,"column":43}},"loc":{"start":{"line":8,"column":24},"end":{"line":60,"column":1}}}},"branchMap":{"0":{"loc":{"start":{"line":14,"column":2},"end":{"line":16,"column":3}},"type":"if","locations":[{"start":{"line":14,"column":2},"end":{"line":16,"column":3}},{"start":{},"end":{}}]},"1":{"loc":{"start":{"line":20,"column":22},"end":{"line":20,"column":47}},"type":"binary-expr","locations":[{"start":{"line":20,"column":22},"end":{"line":20,"column":35}},{"start":{"line":20,"column":39},"end":{"line":20,"column":47}}]},"2":{"loc":{"start":{"line":23,"column":4},"end":{"line":56,"column":5}},"type":"switch","locations":[{"start":{"line":24,"column":6},"end":{"line":41,"column":14}},{"start":{"line":43,"column":6},"end":{"line":51,"column":14}},{"start":{"line":53,"column":6},"end":{"line":55,"column":14}}]},"3":{"loc":{"start":{"line":47,"column":8},"end":{"line":50,"column":9}},"type":"if","locations":[{"start":{"line":47,"column":8},"end":{"line":50,"column":9}},{"start":{},"end":{}}]}},"s":{"0":0,"1":0,"2":0,"3":0,"4":0,"5":0,"6":0,"7":0,"8":0,"9":0,"10":0,"11":0,"12":0,"13":0,"14":0,"15":0,"16":0,"17":0,"18":0,"19":0,"20":0,"21":0,"22":0,"23":0,"24":0,"25":0,"26":0},"f":{"0":0},"b":{"0":[0,0],"1":[0,0],"2":[0,0,0],"3":[0,0]}}
,"/workspaces/campus-device-confirmation/services/device-confirmation/src/API/functions/shared/handleEventGridValidation.ts": {"path":"/workspaces/campus-device-confirmation/services/device-confirmation/src/API/functions/shared/handleEventGridValidation.ts","statementMap":{"0":{"start":{"line":6,"column":0},"end":{"line":6,"column":16}},"1":{"start":{"line":11,"column":2},"end":{"line":11,"column":42}},"2":{"start":{"line":11,"column":30},"end":{"line":11,"column":42}},"3":{"start":{"line":13,"column":2},"end":{"line":27,"column":3}},"4":{"start":{"line":14,"column":17},"end":{"line":14,"column":42}},"5":{"start":{"line":15,"column":17},"end":{"line":15,"column":44}},"6":{"start":{"line":17,"column":4},"end":{"line":26,"column":5}},"7":{"start":{"line":18,"column":19},"end":{"line":18,"column":39}},"8":{"start":{"line":20,"column":6},"end":{"line":20,"column":66}},"9":{"start":{"line":22,"column":6},"end":{"line":25,"column":8}},"10":{"start":{"line":29,"column":2},"end":{"line":29,"column":14}}},"fnMap":{"0":{"name":"tryHandleEventGridValidation","decl":{"start":{"line":6,"column":16},"end":{"line":6,"column":44}},"loc":{"start":{"line":8,"column":24},"end":{"line":30,"column":1}}}},"branchMap":{"0":{"loc":{"start":{"line":11,"column":2},"end":{"line":11,"column":42}},"type":"if","locations":[{"start":{"line":11,"column":2},"end":{"line":11,"column":42}},{"start":{},"end":{}}]},"1":{"loc":{"start":{"line":14,"column":17},"end":{"line":14,"column":42}},"type":"binary-expr","locations":[{"start":{"line":14,"column":17},"end":{"line":14,"column":30}},{"start":{"line":14,"column":34},"end":{"line":14,"column":42}}]},"2":{"loc":{"start":{"line":15,"column":17},"end":{"line":15,"column":44}},"type":"binary-expr","locations":[{"start":{"line":15,"column":17},"end":{"line":15,"column":25}},{"start":{"line":15,"column":29},"end":{"line":15,"column":44}}]},"3":{"loc":{"start":{"line":17,"column":4},"end":{"line":26,"column":5}},"type":"if","locations":[{"start":{"line":17,"column":4},"end":{"line":26,"column":5}},{"start":{},"end":{}}]}},"s":{"0":0,"1":0,"2":0,"3":0,"4":0,"5":0,"6":0,"7":0,"8":0,"9":0,"10":0},"f":{"0":0},"b":{"0":[0,0],"1":[0,0],"2":[0,0],"3":[0,0]}}
,"/workspaces/campus-device-confirmation/services/device-confirmation/src/Application/Handlers/ConfirmCollectionHandler.ts": {"path":"/workspaces/campus-device-confirmation/services/device-confirmation/src/Application/Handlers/ConfirmCollectionHandler.ts","statementMap":{"0":{"start":{"line":5,"column":31},"end":{"line":5,"column":64}},"1":{"start":{"line":8,"column":4},"end":{"line":8,"column":82}},"2":{"start":{"line":4,"column":0},"end":{"line":4,"column":13}}},"fnMap":{"0":{"name":"(anonymous_0)","decl":{"start":{"line":5,"column":2},"end":{"line":5,"column":31}},"loc":{"start":{"line":5,"column":64},"end":{"line":5,"column":68}}},"1":{"name":"(anonymous_1)","decl":{"start":{"line":7,"column":2},"end":{"line":7,"column":9}},"loc":{"start":{"line":7,"column":107},"end":{"line":9,"column":3}}}},"branchMap":{},"s":{"0":0,"1":0,"2":0},"f":{"0":0,"1":0},"b":{}}
,"/workspaces/campus-device-confirmation/services/device-confirmation/src/Application/Handlers/ConfirmReturnHandler.ts": {"path":"/workspaces/campus-device-confirmation/services/device-confirmation/src/Application/Handlers/ConfirmReturnHandler.ts","statementMap":{"0":{"start":{"line":5,"column":31},"end":{"line":5,"column":60}},"1":{"start":{"line":8,"column":4},"end":{"line":8,"column":82}},"2":{"start":{"line":4,"column":0},"end":{"line":4,"column":13}}},"fnMap":{"0":{"name":"(anonymous_0)","decl":{"start":{"line":5,"column":2},"end":{"line":5,"column":31}},"loc":{"start":{"line":5,"column":60},"end":{"line":5,"column":64}}},"1":{"name":"(anonymous_1)","decl":{"start":{"line":7,"column":2},"end":{"line":7,"column":9}},"loc":{"start":{"line":7,"column":107},"end":{"line":9,"column":3}}}},"branchMap":{},"s":{"0":0,"1":0,"2":0},"f":{"0":0,"1":0},"b":{}}
,"/workspaces/campus-device-confirmation/services/device-confirmation/src/Application/Handlers/ListConfirmationActionsHandler.ts": {"path":"/workspaces/campus-device-confirmation/services/device-confirmation/src/Application/Handlers/ListConfirmationActionsHandler.ts","statementMap":{"0":{"start":{"line":4,"column":31},"end":{"line":4,"column":70}},"1":{"start":{"line":7,"column":4},"end":{"line":7,"column":40}},"2":{"start":{"line":3,"column":0},"end":{"line":3,"column":13}}},"fnMap":{"0":{"name":"(anonymous_0)","decl":{"start":{"line":4,"column":2},"end":{"line":4,"column":31}},"loc":{"start":{"line":4,"column":70},"end":{"line":4,"column":74}}},"1":{"name":"(anonymous_1)","decl":{"start":{"line":6,"column":2},"end":{"line":6,"column":9}},"loc":{"start":{"line":6,"column":67},"end":{"line":8,"column":3}}}},"branchMap":{"0":{"loc":{"start":{"line":6,"column":10},"end":{"line":6,"column":67}},"type":"default-arg","locations":[{"start":{"line":6,"column":65},"end":{"line":6,"column":67}}]}},"s":{"0":0,"1":0,"2":0},"f":{"0":0,"1":0},"b":{"0":[0]}}
,"/workspaces/campus-device-confirmation/services/device-confirmation/src/Application/UseCases/ConfirmCollectionUseCase.ts": {"path":"/workspaces/campus-device-confirmation/services/device-confirmation/src/Application/UseCases/ConfirmCollectionUseCase.ts","statementMap":{"0":{"start":{"line":6,"column":0},"end":{"line":6,"column":83}},"1":{"start":{"line":8,"column":0},"end":{"line":8,"column":36}},"2":{"start":{"line":12,"column":21},"end":{"line":12,"column":62}},"3":{"start":{"line":13,"column":21},"end":{"line":13,"column":58}},"4":{"start":{"line":14,"column":21},"end":{"line":14,"column":65}},"5":{"start":{"line":18,"column":56},"end":{"line":18,"column":60}},"6":{"start":{"line":20,"column":4},"end":{"line":22,"column":5}},"7":{"start":{"line":21,"column":6},"end":{"line":21,"column":76}},"8":{"start":{"line":24,"column":39},"end":{"line":32,"column":6}},"9":{"start":{"line":34,"column":18},"end":{"line":34,"column":54}},"10":{"start":{"line":37,"column":4},"end":{"line":37,"column":69}},"11":{"start":{"line":38,"column":4},"end":{"line":38,"column":73}},"12":{"start":{"line":40,"column":4},"end":{"line":40,"column":88}},"13":{"start":{"line":41,"column":4},"end":{"line":44,"column":12}},"14":{"start":{"line":45,"column":4},"end":{"line":45,"column":70}},"15":{"start":{"line":47,"column":4},"end":{"line":47,"column":17}},"16":{"start":{"line":10,"column":0},"end":{"line":10,"column":13}}},"fnMap":{"0":{"name":"(anonymous_0)","decl":{"start":{"line":11,"column":2},"end":{"line":11,"column":null}},"loc":{"start":{"line":14,"column":65},"end":{"line":15,"column":6}}},"1":{"name":"(anonymous_1)","decl":{"start":{"line":17,"column":2},"end":{"line":17,"column":7}},"loc":{"start":{"line":17,"column":67},"end":{"line":48,"column":3}}}},"branchMap":{"0":{"loc":{"start":{"line":20,"column":4},"end":{"line":22,"column":5}},"type":"if","locations":[{"start":{"line":20,"column":4},"end":{"line":22,"column":5}},{"start":{},"end":{}}]},"1":{"loc":{"start":{"line":20,"column":8},"end":{"line":20,"column":47}},"type":"binary-expr","locations":[{"start":{"line":20,"column":8},"end":{"line":20,"column":16}},{"start":{"line":20,"column":20},"end":{"line":20,"column":34}},{"start":{"line":20,"column":38},"end":{"line":20,"column":47}}]}},"s":{"0":1,"1":1,"2":16,"3":16,"4":16,"5":17,"6":17,"7":6,"8":11,"9":11,"10":10,"11":9,"12":9,"13":9,"14":8,"15":8,"16":1},"f":{"0":16,"1":17},"b":{"0":[6,11],"1":[17,14,12]}}
,"/workspaces/campus-device-confirmation/services/device-confirmation/src/Application/UseCases/ConfirmReturnUseCase.ts": {"path":"/workspaces/campus-device-confirmation/services/device-confirmation/src/Application/UseCases/ConfirmReturnUseCase.ts","statementMap":{"0":{"start":{"line":6,"column":0},"end":{"line":6,"column":83}},"1":{"start":{"line":8,"column":0},"end":{"line":8,"column":36}},"2":{"start":{"line":12,"column":21},"end":{"line":12,"column":62}},"3":{"start":{"line":13,"column":21},"end":{"line":13,"column":58}},"4":{"start":{"line":14,"column":21},"end":{"line":14,"column":65}},"5":{"start":{"line":18,"column":56},"end":{"line":18,"column":60}},"6":{"start":{"line":20,"column":4},"end":{"line":22,"column":5}},"7":{"start":{"line":21,"column":6},"end":{"line":21,"column":76}},"8":{"start":{"line":24,"column":39},"end":{"line":32,"column":6}},"9":{"start":{"line":34,"column":18},"end":{"line":34,"column":54}},"10":{"start":{"line":37,"column":4},"end":{"line":37,"column":68}},"11":{"start":{"line":39,"column":4},"end":{"line":39,"column":87}},"12":{"start":{"line":40,"column":4},"end":{"line":43,"column":12}},"13":{"start":{"line":44,"column":4},"end":{"line":44,"column":69}},"14":{"start":{"line":46,"column":4},"end":{"line":46,"column":17}},"15":{"start":{"line":10,"column":0},"end":{"line":10,"column":13}}},"fnMap":{"0":{"name":"(anonymous_0)","decl":{"start":{"line":11,"column":2},"end":{"line":11,"column":null}},"loc":{"start":{"line":14,"column":65},"end":{"line":15,"column":6}}},"1":{"name":"(anonymous_1)","decl":{"start":{"line":17,"column":2},"end":{"line":17,"column":7}},"loc":{"start":{"line":17,"column":63},"end":{"line":47,"column":3}}}},"branchMap":{"0":{"loc":{"start":{"line":20,"column":4},"end":{"line":22,"column":5}},"type":"if","locations":[{"start":{"line":20,"column":4},"end":{"line":22,"column":5}},{"start":{},"end":{}}]},"1":{"loc":{"start":{"line":20,"column":8},"end":{"line":20,"column":47}},"type":"binary-expr","locations":[{"start":{"line":20,"column":8},"end":{"line":20,"column":16}},{"start":{"line":20,"column":20},"end":{"line":20,"column":34}},{"start":{"line":20,"column":38},"end":{"line":20,"column":47}}]}},"s":{"0":1,"1":1,"2":14,"3":14,"4":14,"5":14,"6":14,"7":4,"8":10,"9":10,"10":9,"11":8,"12":8,"13":7,"14":7,"15":1},"f":{"0":14,"1":14},"b":{"0":[4,10],"1":[14,12,11]}}
,"/workspaces/campus-device-confirmation/services/device-confirmation/src/Application/UseCases/ListConfirmationActionsUseCase.ts": {"path":"/workspaces/campus-device-confirmation/services/device-confirmation/src/Application/UseCases/ListConfirmationActionsUseCase.ts","statementMap":{"0":{"start":{"line":6,"column":31},"end":{"line":6,"column":72}},"1":{"start":{"line":9,"column":4},"end":{"line":11,"column":5}},"2":{"start":{"line":10,"column":6},"end":{"line":10,"column":59}},"3":{"start":{"line":12,"column":4},"end":{"line":14,"column":5}},"4":{"start":{"line":13,"column":6},"end":{"line":13,"column":71}},"5":{"start":{"line":15,"column":4},"end":{"line":15,"column":37}},"6":{"start":{"line":5,"column":0},"end":{"line":5,"column":13}}},"fnMap":{"0":{"name":"(anonymous_0)","decl":{"start":{"line":6,"column":2},"end":{"line":6,"column":31}},"loc":{"start":{"line":6,"column":72},"end":{"line":6,"column":76}}},"1":{"name":"(anonymous_1)","decl":{"start":{"line":8,"column":2},"end":{"line":8,"column":9}},"loc":{"start":{"line":8,"column":44},"end":{"line":16,"column":3}}}},"branchMap":{"0":{"loc":{"start":{"line":9,"column":4},"end":{"line":11,"column":5}},"type":"if","locations":[{"start":{"line":9,"column":4},"end":{"line":11,"column":5}},{"start":{},"end":{}}]},"1":{"loc":{"start":{"line":12,"column":4},"end":{"line":14,"column":5}},"type":"if","locations":[{"start":{"line":12,"column":4},"end":{"line":14,"column":5}},{"start":{},"end":{}}]}},"s":{"0":0,"1":0,"2":0,"3":0,"4":0,"5":0,"6":0},"f":{"0":0,"1":0},"b":{"0":[0,0],"1":[0,0]}}
,"/workspaces/campus-device-confirmation/services/device-confirmation/src/Domain/Enums/ConfirmationActionType.ts": {"path":"/workspaces/campus-device-confirmation/services/device-confirmation/src/Domain/Enums/ConfirmationActionType.ts","statementMap":{"0":{"start":{"line":1,"column":0},"end":{"line":1,"column":null}},"1":{"start":{"line":2,"column":2},"end":{"line":2,"column":null}},"2":{"start":{"line":3,"column":2},"end":{"line":3,"column":null}},"3":{"start":{"line":4,"column":2},"end":{"line":4,"column":null}}},"fnMap":{"0":{"name":"(anonymous_0)","decl":{"start":{"line":1,"column":0},"end":{"line":1,"column":12}},"loc":{"start":{"line":1,"column":34},"end":{"line":5,"column":1}}}},"branchMap":{"0":{"loc":{"start":{"line":1,"column":12},"end":{"line":1,"column":null}},"type":"binary-expr","locations":[{"start":{"line":1,"column":12},"end":{"line":1,"column":34}},{"start":{"line":1,"column":34},"end":{"line":1,"column":null}}]}},"s":{"0":4,"1":4,"2":4,"3":4},"f":{"0":4},"b":{"0":[4,4]}}
,"/workspaces/campus-device-confirmation/services/device-confirmation/src/Infrastructure/Config/CosmosClientFactory.ts": {"path":"/workspaces/campus-device-confirmation/services/device-confirmation/src/Infrastructure/Config/CosmosClientFactory.ts","statementMap":{"0":{"start":{"line":1,"column":0},"end":{"line":1,"column":45}},"1":{"start":{"line":2,"column":0},"end":{"line":2,"column":44}},"2":{"start":{"line":4,"column":40},"end":{"line":4,"column":44}},"3":{"start":{"line":8,"column":4},"end":{"line":10,"column":5}},"4":{"start":{"line":9,"column":6},"end":{"line":9,"column":75}},"5":{"start":{"line":11,"column":4},"end":{"line":11,"column":24}},"6":{"start":{"line":15,"column":4},"end":{"line":17,"column":51}},"7":{"start":{"line":6,"column":0},"end":{"line":6,"column":13}}},"fnMap":{"0":{"name":"(anonymous_0)","decl":{"start":{"line":7,"column":2},"end":{"line":7,"column":8}},"loc":{"start":{"line":7,"column":18},"end":{"line":12,"column":3}}},"1":{"name":"(anonymous_1)","decl":{"start":{"line":14,"column":2},"end":{"line":14,"column":8}},"loc":{"start":{"line":14,"column":21},"end":{"line":18,"column":3}}}},"branchMap":{"0":{"loc":{"start":{"line":8,"column":4},"end":{"line":10,"column":5}},"type":"if","locations":[{"start":{"line":8,"column":4},"end":{"line":10,"column":5}},{"start":{},"end":{}}]}},"s":{"0":0,"1":0,"2":0,"3":0,"4":0,"5":0,"6":0,"7":0},"f":{"0":0,"1":0},"b":{"0":[0,0]}}
,"/workspaces/campus-device-confirmation/services/device-confirmation/src/Infrastructure/Config/environment.ts": {"path":"/workspaces/campus-device-confirmation/services/device-confirmation/src/Infrastructure/Config/environment.ts","statementMap":{"0":{"start":{"line":9,"column":15},"end":{"line":9,"column":44}},"1":{"start":{"line":11,"column":2},"end":{"line":11,"column":28}},"2":{"start":{"line":11,"column":13},"end":{"line":11,"column":28}},"3":{"start":{"line":12,"column":2},"end":{"line":12,"column":35}},"4":{"start":{"line":12,"column":22},"end":{"line":12,"column":35}},"5":{"start":{"line":13,"column":2},"end":{"line":13,"column":37}},"6":{"start":{"line":13,"column":23},"end":{"line":13,"column":37}},"7":{"start":{"line":14,"column":2},"end":{"line":14,"column":43}},"8":{"start":{"line":14,"column":29},"end":{"line":14,"column":43}},"9":{"start":{"line":16,"column":2},"end":{"line":16,"column":28}},"10":{"start":{"line":19,"column":18},"end":{"line":19,"column":38}},"11":{"start":{"line":30,"column":17},"end":{"line":30,"column":75}},"12":{"start":{"line":33,"column":4},"end":{"line":34,"column":24}},"13":{"start":{"line":36,"column":2},"end":{"line":40,"column":3}},"14":{"start":{"line":37,"column":4},"end":{"line":39,"column":6}},"15":{"start":{"line":42,"column":2},"end":{"line":42,"column":15}},"16":{"start":{"line":45,"column":13},"end":{"line":60,"column":2}}},"fnMap":{"0":{"name":"getEnvironmentName","decl":{"start":{"line":8,"column":9},"end":{"line":8,"column":27}},"loc":{"start":{"line":8,"column":27},"end":{"line":17,"column":1}}},"1":{"name":"getEnv","decl":{"start":{"line":29,"column":9},"end":{"line":29,"column":15}},"loc":{"start":{"line":29,"column":31},"end":{"line":43,"column":1}}}},"branchMap":{"0":{"loc":{"start":{"line":11,"column":2},"end":{"line":11,"column":28}},"type":"if","locations":[{"start":{"line":11,"column":2},"end":{"line":11,"column":28}},{"start":{},"end":{}}]},"1":{"loc":{"start":{"line":12,"column":2},"end":{"line":12,"column":35}},"type":"if","locations":[{"start":{"line":12,"column":2},"end":{"line":12,"column":35}},{"start":{},"end":{}}]},"2":{"loc":{"start":{"line":13,"column":2},"end":{"line":13,"column":37}},"type":"if","locations":[{"start":{"line":13,"column":2},"end":{"line":13,"column":37}},{"start":{},"end":{}}]},"3":{"loc":{"start":{"line":14,"column":2},"end":{"line":14,"column":43}},"type":"if","locations":[{"start":{"line":14,"column":2},"end":{"line":14,"column":43}},{"start":{},"end":{}}]},"4":{"loc":{"start":{"line":30,"column":17},"end":{"line":30,"column":75}},"type":"cond-expr","locations":[{"start":{"line":30,"column":41},"end":{"line":30,"column":43}},{"start":{"line":30,"column":46},"end":{"line":30,"column":75}}]},"5":{"loc":{"start":{"line":33,"column":4},"end":{"line":34,"column":24}},"type":"binary-expr","locations":[{"start":{"line":33,"column":4},"end":{"line":33,"column":38}},{"start":{"line":34,"column":4},"end":{"line":34,"column":24}}]},"6":{"loc":{"start":{"line":36,"column":2},"end":{"line":40,"column":3}},"type":"if","locations":[{"start":{"line":36,"column":2},"end":{"line":40,"column":3}},{"start":{},"end":{}}]}},"s":{"0":0,"1":0,"2":0,"3":0,"4":0,"5":0,"6":0,"7":0,"8":0,"9":0,"10":0,"11":0,"12":0,"13":0,"14":0,"15":0,"16":0},"f":{"0":0,"1":0},"b":{"0":[0,0],"1":[0,0],"2":[0,0],"3":[0,0],"4":[0,0],"5":[0,0],"6":[0,0]}}
,"/workspaces/campus-device-confirmation/services/device-confirmation/src/Infrastructure/EventGrid/ConfirmationEventPublisher.ts": {"path":"/workspaces/campus-device-confirmation/services/device-confirmation/src/Infrastructure/EventGrid/ConfirmationEventPublisher.ts","statementMap":{"0":{"start":{"line":1,"column":0},"end":{"line":1,"column":null}},"1":{"start":{"line":7,"column":0},"end":{"line":7,"column":36}},"2":{"start":{"line":14,"column":4},"end":{"line":18,"column":6}},"3":{"start":{"line":22,"column":58},"end":{"line":29,"column":6}},"4":{"start":{"line":31,"column":4},"end":{"line":35,"column":7}},"5":{"start":{"line":37,"column":4},"end":{"line":43,"column":5}},"6":{"start":{"line":38,"column":6},"end":{"line":38,"column":42}},"7":{"start":{"line":39,"column":6},"end":{"line":39,"column":58}},"8":{"start":{"line":41,"column":6},"end":{"line":41,"column":62}},"9":{"start":{"line":42,"column":6},"end":{"line":42,"column":18}},"10":{"start":{"line":10,"column":0},"end":{"line":10,"column":13}}},"fnMap":{"0":{"name":"(anonymous_0)","decl":{"start":{"line":13,"column":2},"end":{"line":13,"column":14}},"loc":{"start":{"line":13,"column":43},"end":{"line":19,"column":3}}},"1":{"name":"(anonymous_1)","decl":{"start":{"line":21,"column":2},"end":{"line":21,"column":7}},"loc":{"start":{"line":21,"column":95},"end":{"line":44,"column":3}}}},"branchMap":{},"s":{"0":1,"1":1,"2":13,"3":14,"4":14,"5":14,"6":14,"7":11,"8":3,"9":3,"10":1},"f":{"0":13,"1":14},"b":{}}
,"/workspaces/campus-device-confirmation/services/device-confirmation/src/Infrastructure/Persistence/CosmosConfirmationActionRepository.ts": {"path":"/workspaces/campus-device-confirmation/services/device-confirmation/src/Infrastructure/Persistence/CosmosConfirmationActionRepository.ts","statementMap":{"0":{"start":{"line":3,"column":0},"end":{"line":3,"column":68}},"1":{"start":{"line":6,"column":10},"end":{"line":6,"column":57}},"2":{"start":{"line":9,"column":25},"end":{"line":9,"column":66}},"3":{"start":{"line":10,"column":4},"end":{"line":10,"column":42}},"4":{"start":{"line":14,"column":18},"end":{"line":17,"column":6}},"5":{"start":{"line":18,"column":26},"end":{"line":18,"column":76}},"6":{"start":{"line":19,"column":4},"end":{"line":19,"column":32}},"7":{"start":{"line":23,"column":18},"end":{"line":26,"column":6}},"8":{"start":{"line":27,"column":26},"end":{"line":27,"column":76}},"9":{"start":{"line":28,"column":4},"end":{"line":28,"column":45}},"10":{"start":{"line":32,"column":18},"end":{"line":35,"column":6}},"11":{"start":{"line":36,"column":26},"end":{"line":36,"column":76}},"12":{"start":{"line":37,"column":4},"end":{"line":37,"column":45}},"13":{"start":{"line":41,"column":26},"end":{"line":41,"column":73}},"14":{"start":{"line":42,"column":4},"end":{"line":42,"column":45}},"15":{"start":{"line":46,"column":17},"end":{"line":46,"column":40}},"16":{"start":{"line":47,"column":4},"end":{"line":47,"column":22}},"17":{"start":{"line":47,"column":15},"end":{"line":47,"column":22}},"18":{"start":{"line":48,"column":4},"end":{"line":48,"column":68}},"19":{"start":{"line":5,"column":0},"end":{"line":5,"column":13}}},"fnMap":{"0":{"name":"(anonymous_0)","decl":{"start":{"line":5,"column":0},"end":{"line":5,"column":13}},"loc":{"start":{"line":5,"column":0},"end":{"line":50,"column":1}}},"1":{"name":"(anonymous_1)","decl":{"start":{"line":8,"column":2},"end":{"line":8,"column":7}},"loc":{"start":{"line":8,"column":41},"end":{"line":11,"column":3}}},"2":{"name":"(anonymous_2)","decl":{"start":{"line":13,"column":2},"end":{"line":13,"column":7}},"loc":{"start":{"line":13,"column":27},"end":{"line":20,"column":3}}},"3":{"name":"(anonymous_3)","decl":{"start":{"line":22,"column":2},"end":{"line":22,"column":7}},"loc":{"start":{"line":22,"column":37},"end":{"line":29,"column":3}}},"4":{"name":"(anonymous_4)","decl":{"start":{"line":31,"column":2},"end":{"line":31,"column":7}},"loc":{"start":{"line":31,"column":49},"end":{"line":38,"column":3}}},"5":{"name":"(anonymous_5)","decl":{"start":{"line":40,"column":2},"end":{"line":40,"column":7}},"loc":{"start":{"line":40,"column":15},"end":{"line":43,"column":3}}},"6":{"name":"(anonymous_6)","decl":{"start":{"line":45,"column":2},"end":{"line":45,"column":7}},"loc":{"start":{"line":45,"column":25},"end":{"line":49,"column":3}}}},"branchMap":{"0":{"loc":{"start":{"line":19,"column":11},"end":{"line":19,"column":31}},"type":"binary-expr","locations":[{"start":{"line":19,"column":11},"end":{"line":19,"column":23}},{"start":{"line":19,"column":27},"end":{"line":19,"column":31}}]},"1":{"loc":{"start":{"line":47,"column":4},"end":{"line":47,"column":22}},"type":"if","locations":[{"start":{"line":47,"column":4},"end":{"line":47,"column":22}},{"start":{},"end":{}}]}},"s":{"0":0,"1":0,"2":0,"3":0,"4":0,"5":0,"6":0,"7":0,"8":0,"9":0,"10":0,"11":0,"12":0,"13":0,"14":0,"15":0,"16":0,"17":0,"18":0,"19":0},"f":{"0":0,"1":0,"2":0,"3":0,"4":0,"5":0,"6":0},"b":{"0":[0,0],"1":[0,0]}}
,"/workspaces/campus-device-confirmation/services/device-confirmation/src/Infrastructure/Persistence/CosmosReservationSnapshotRepository.ts": {"path":"/workspaces/campus-device-confirmation/services/device-confirmation/src/Infrastructure/Persistence/CosmosReservationSnapshotRepository.ts","statementMap":{"0":{"start":{"line":1,"column":0},"end":{"line":1,"column":45}},"1":{"start":{"line":4,"column":0},"end":{"line":4,"column":70}},"2":{"start":{"line":12,"column":19},"end":{"line":12,"column":72}},"3":{"start":{"line":14,"column":4},"end":{"line":16,"column":55}},"4":{"start":{"line":20,"column":4},"end":{"line":20,"column":48}},"5":{"start":{"line":26,"column":18},"end":{"line":29,"column":6}},"6":{"start":{"line":31,"column":26},"end":{"line":31,"column":76}},"7":{"start":{"line":32,"column":4},"end":{"line":32,"column":54}},"8":{"start":{"line":36,"column":18},"end":{"line":38,"column":6}},"9":{"start":{"line":40,"column":26},"end":{"line":40,"column":76}},"10":{"start":{"line":41,"column":4},"end":{"line":41,"column":21}},"11":{"start":{"line":45,"column":18},"end":{"line":47,"column":6}},"12":{"start":{"line":49,"column":26},"end":{"line":49,"column":76}},"13":{"start":{"line":50,"column":4},"end":{"line":50,"column":21}},"14":{"start":{"line":57,"column":21},"end":{"line":57,"column":65}},"15":{"start":{"line":58,"column":4},"end":{"line":58,"column":26}},"16":{"start":{"line":58,"column":19},"end":{"line":58,"column":26}},"17":{"start":{"line":60,"column":4},"end":{"line":60,"column":29}},"18":{"start":{"line":61,"column":4},"end":{"line":61,"column":50}},"19":{"start":{"line":63,"column":4},"end":{"line":63,"column":48}},"20":{"start":{"line":6,"column":0},"end":{"line":6,"column":13}}},"fnMap":{"0":{"name":"(anonymous_0)","decl":{"start":{"line":11,"column":2},"end":{"line":11,"column":null}},"loc":{"start":{"line":11,"column":2},"end":{"line":17,"column":3}}},"1":{"name":"(anonymous_1)","decl":{"start":{"line":19,"column":2},"end":{"line":19,"column":7}},"loc":{"start":{"line":19,"column":42},"end":{"line":21,"column":3}}},"2":{"name":"(anonymous_2)","decl":{"start":{"line":23,"column":2},"end":{"line":23,"column":7}},"loc":{"start":{"line":24,"column":25},"end":{"line":33,"column":3}}},"3":{"name":"(anonymous_3)","decl":{"start":{"line":35,"column":2},"end":{"line":35,"column":7}},"loc":{"start":{"line":35,"column":30},"end":{"line":42,"column":3}}},"4":{"name":"(anonymous_4)","decl":{"start":{"line":44,"column":2},"end":{"line":44,"column":7}},"loc":{"start":{"line":44,"column":26},"end":{"line":51,"column":3}}},"5":{"name":"(anonymous_5)","decl":{"start":{"line":53,"column":2},"end":{"line":53,"column":7}},"loc":{"start":{"line":55,"column":76},"end":{"line":64,"column":3}}}},"branchMap":{"0":{"loc":{"start":{"line":32,"column":11},"end":{"line":32,"column":53}},"type":"cond-expr","locations":[{"start":{"line":32,"column":34},"end":{"line":32,"column":46}},{"start":{"line":32,"column":49},"end":{"line":32,"column":53}}]},"1":{"loc":{"start":{"line":58,"column":4},"end":{"line":58,"column":26}},"type":"if","locations":[{"start":{"line":58,"column":4},"end":{"line":58,"column":26}},{"start":{},"end":{}}]}},"s":{"0":0,"1":0,"2":0,"3":0,"4":0,"5":0,"6":0,"7":0,"8":0,"9":0,"10":0,"11":0,"12":0,"13":0,"14":0,"15":0,"16":0,"17":0,"18":0,"19":0,"20":0},"f":{"0":0,"1":0,"2":0,"3":0,"4":0,"5":0},"b":{"0":[0,0],"1":[0,0]}}
}
