TN:
SF:src/appServices.ts
FNF:0
FNH:0
DA:1,0
DA:2,0
DA:4,0
DA:5,0
DA:6,0
DA:8,0
DA:9,0
DA:10,0
DA:11,0
DA:13,0
DA:14,0
DA:15,0
DA:20,0
DA:26,0
DA:32,0
DA:36,0
DA:37,0
DA:38,0
DA:42,0
LF:19
LH:0
BRF:0
BRH:0
end_of_record
TN:
SF:src/API/functions/confirm-collection-http.ts
FN:4,confirmCollectionHttp
FNF:1
FNH:0
FNDA:0,confirmCollectionHttp
DA:1,0
DA:2,0
DA:4,0
DA:8,0
DA:9,0
DA:10,0
DA:12,0
DA:13,0
DA:21,0
DA:29,0
DA:31,0
DA:36,0
DA:37,0
DA:44,0
LF:14
LH:0
BRDA:12,0,0,0
BRDA:12,0,1,0
BRDA:12,1,0,0
BRDA:12,1,1,0
BRDA:12,1,2,0
BRDA:39,2,0,0
BRDA:39,2,1,0
BRF:7
BRH:0
end_of_record
TN:
SF:src/API/functions/confirm-return-http.ts
FN:4,confirmReturnHttp
FNF:1
FNH:0
FNDA:0,confirmReturnHttp
DA:1,0
DA:2,0
DA:4,0
DA:8,0
DA:9,0
DA:10,0
DA:12,0
DA:13,0
DA:21,0
DA:29,0
DA:31,0
DA:36,0
DA:37,0
DA:44,0
LF:14
LH:0
BRDA:12,0,0,0
BRDA:12,0,1,0
BRDA:12,1,0,0
BRDA:12,1,1,0
BRDA:12,1,2,0
BRDA:39,2,0,0
BRDA:39,2,1,0
BRF:7
BRH:0
end_of_record
TN:
SF:src/API/functions/list-confirmation-actions-http.ts
FN:4,listConfirmationActionsHttp
FNF:1
FNH:0
FNDA:0,listConfirmationActionsHttp
DA:1,0
DA:2,0
DA:4,0
DA:8,0
DA:9,0
DA:10,0
DA:12,0
DA:14,0
DA:16,0
DA:18,0
DA:23,0
DA:24,0
DA:31,0
LF:13
LH:0
BRDA:9,0,0,0
BRDA:9,0,1,0
BRDA:10,1,0,0
BRDA:10,1,1,0
BRDA:26,2,0,0
BRDA:26,2,1,0
BRF:6
BRH:0
end_of_record
TN:
SF:src/API/functions/list-pending-loans-http.ts
FN:4,listPendingLoansHttp
FNF:1
FNH:0
FNDA:0,listPendingLoansHttp
DA:1,0
DA:2,0
DA:4,0
DA:8,0
DA:9,0
DA:12,0
DA:13,0
DA:14,0
DA:16,0
DA:17,0
DA:20,0
DA:29,0
DA:30,0
DA:37,0
LF:14
LH:0
BRDA:9,0,0,0
BRDA:9,0,1,0
BRDA:12,1,0,0
BRDA:12,1,1,0
BRDA:32,2,0,0
BRDA:32,2,1,0
BRF:6
BRH:0
end_of_record
TN:
SF:src/API/functions/reservation-events-http.ts
FN:6,reservationEventsHttp
FNF:1
FNH:0
FNDA:0,reservationEventsHttp
DA:1,0
DA:2,0
DA:3,0
DA:6,0
DA:10,0
DA:13,0
DA:14,0
DA:15,0
DA:19,0
DA:20,0
DA:21,0
DA:23,0
DA:25,0
DA:28,0
DA:39,0
DA:40,0
DA:41,0
DA:44,0
DA:46,0
DA:47,0
DA:48,0
DA:49,0
DA:51,0
DA:54,0
DA:55,0
DA:59,0
DA:62,0
LF:27
LH:0
BRDA:14,0,0,0
BRDA:14,0,1,0
BRDA:20,1,0,0
BRDA:20,1,1,0
BRDA:23,2,0,0
BRDA:23,2,1,0
BRDA:23,2,2,0
BRDA:47,3,0,0
BRDA:47,3,1,0
BRF:9
BRH:0
end_of_record
TN:
SF:src/API/functions/shared/handleEventGridValidation.ts
FN:6,tryHandleEventGridValidation
FNF:1
FNH:0
FNDA:0,tryHandleEventGridValidation
DA:6,0
DA:11,0
DA:13,0
DA:14,0
DA:15,0
DA:17,0
DA:18,0
DA:20,0
DA:22,0
DA:29,0
LF:10
LH:0
BRDA:11,0,0,0
BRDA:11,0,1,0
BRDA:14,1,0,0
BRDA:14,1,1,0
BRDA:15,2,0,0
BRDA:15,2,1,0
BRDA:17,3,0,0
BRDA:17,3,1,0
BRF:8
BRH:0
end_of_record
TN:
SF:src/Application/Handlers/ConfirmCollectionHandler.ts
FN:5,(anonymous_0)
FN:7,(anonymous_1)
FNF:2
FNH:0
FNDA:0,(anonymous_0)
FNDA:0,(anonymous_1)
DA:4,0
DA:5,0
DA:8,0
LF:3
LH:0
BRF:0
BRH:0
end_of_record
TN:
SF:src/Application/Handlers/ConfirmReturnHandler.ts
FN:5,(anonymous_0)
FN:7,(anonymous_1)
FNF:2
FNH:0
FNDA:0,(anonymous_0)
FNDA:0,(anonymous_1)
DA:4,0
DA:5,0
DA:8,0
LF:3
LH:0
BRF:0
BRH:0
end_of_record
TN:
SF:src/Application/Handlers/ListConfirmationActionsHandler.ts
FN:4,(anonymous_0)
FN:6,(anonymous_1)
FNF:2
FNH:0
FNDA:0,(anonymous_0)
FNDA:0,(anonymous_1)
DA:3,0
DA:4,0
DA:7,0
LF:3
LH:0
BRDA:6,0,0,0
BRF:1
BRH:0
end_of_record
TN:
SF:src/Application/UseCases/ConfirmCollectionUseCase.ts
FN:11,(anonymous_0)
FN:17,(anonymous_1)
FNF:2
FNH:2
FNDA:16,(anonymous_0)
FNDA:17,(anonymous_1)
DA:6,1
DA:8,1
DA:10,1
DA:12,16
DA:13,16
DA:14,16
DA:18,17
DA:20,17
DA:21,6
DA:24,11
DA:34,11
DA:37,10
DA:38,9
DA:40,9
DA:41,9
DA:45,8
DA:47,8
LF:17
LH:17
BRDA:20,0,0,6
BRDA:20,0,1,11
BRDA:20,1,0,17
BRDA:20,1,1,14
BRDA:20,1,2,12
BRF:5
BRH:5
end_of_record
TN:
SF:src/Application/UseCases/ConfirmReturnUseCase.ts
FN:11,(anonymous_0)
FN:17,(anonymous_1)
FNF:2
FNH:2
FNDA:14,(anonymous_0)
FNDA:14,(anonymous_1)
DA:6,1
DA:8,1
DA:10,1
DA:12,14
DA:13,14
DA:14,14
DA:18,14
DA:20,14
DA:21,4
DA:24,10
DA:34,10
DA:37,9
DA:39,8
DA:40,8
DA:44,7
DA:46,7
LF:16
LH:16
BRDA:20,0,0,4
BRDA:20,0,1,10
BRDA:20,1,0,14
BRDA:20,1,1,12
BRDA:20,1,2,11
BRF:5
BRH:5
end_of_record
TN:
SF:src/Application/UseCases/ListConfirmationActionsUseCase.ts
FN:6,(anonymous_0)
FN:8,(anonymous_1)
FNF:2
FNH:0
FNDA:0,(anonymous_0)
FNDA:0,(anonymous_1)
DA:5,0
DA:6,0
DA:9,0
DA:10,0
DA:12,0
DA:13,0
DA:15,0
LF:7
LH:0
BRDA:9,0,0,0
BRDA:9,0,1,0
BRDA:12,1,0,0
BRDA:12,1,1,0
BRF:4
BRH:0
end_of_record
TN:
SF:src/Domain/Enums/ConfirmationActionType.ts
FN:1,(anonymous_0)
FNF:1
FNH:1
FNDA:4,(anonymous_0)
DA:1,4
DA:2,4
DA:3,4
DA:4,4
LF:4
LH:4
BRDA:1,0,0,4
BRDA:1,0,1,4
BRF:2
BRH:2
end_of_record
TN:
SF:src/Infrastructure/Config/CosmosClientFactory.ts
FN:7,(anonymous_0)
FN:14,(anonymous_1)
FNF:2
FNH:0
FNDA:0,(anonymous_0)
FNDA:0,(anonymous_1)
DA:1,0
DA:2,0
DA:4,0
DA:6,0
DA:8,0
DA:9,0
DA:11,0
DA:15,0
LF:8
LH:0
BRDA:8,0,0,0
BRDA:8,0,1,0
BRF:2
BRH:0
end_of_record
TN:
SF:src/Infrastructure/Config/environment.ts
FN:8,getEnvironmentName
FN:29,getEnv
FNF:2
FNH:0
FNDA:0,getEnvironmentName
FNDA:0,getEnv
DA:9,0
DA:11,0
DA:12,0
DA:13,0
DA:14,0
DA:16,0
DA:19,0
DA:30,0
DA:33,0
DA:36,0
DA:37,0
DA:42,0
DA:45,0
LF:13
LH:0
BRDA:11,0,0,0
BRDA:11,0,1,0
BRDA:12,1,0,0
BRDA:12,1,1,0
BRDA:13,2,0,0
BRDA:13,2,1,0
BRDA:14,3,0,0
BRDA:14,3,1,0
BRDA:30,4,0,0
BRDA:30,4,1,0
BRDA:33,5,0,0
BRDA:33,5,1,0
BRDA:36,6,0,0
BRDA:36,6,1,0
BRF:14
BRH:0
end_of_record
TN:
SF:src/Infrastructure/EventGrid/ConfirmationEventPublisher.ts
FN:13,(anonymous_0)
FN:21,(anonymous_1)
FNF:2
FNH:2
FNDA:13,(anonymous_0)
FNDA:14,(anonymous_1)
DA:1,1
DA:7,1
DA:10,1
DA:14,13
DA:22,14
DA:31,14
DA:37,14
DA:38,14
DA:39,11
DA:41,3
DA:42,3
LF:11
LH:11
BRF:0
BRH:0
end_of_record
TN:
SF:src/Infrastructure/Persistence/CosmosConfirmationActionRepository.ts
FN:5,(anonymous_0)
FN:8,(anonymous_1)
FN:13,(anonymous_2)
FN:22,(anonymous_3)
FN:31,(anonymous_4)
FN:40,(anonymous_5)
FN:45,(anonymous_6)
FNF:7
FNH:0
FNDA:0,(anonymous_0)
FNDA:0,(anonymous_1)
FNDA:0,(anonymous_2)
FNDA:0,(anonymous_3)
FNDA:0,(anonymous_4)
FNDA:0,(anonymous_5)
FNDA:0,(anonymous_6)
DA:3,0
DA:5,0
DA:6,0
DA:9,0
DA:10,0
DA:14,0
DA:18,0
DA:19,0
DA:23,0
DA:27,0
DA:28,0
DA:32,0
DA:36,0
DA:37,0
DA:41,0
DA:42,0
DA:46,0
DA:47,0
DA:48,0
LF:19
LH:0
BRDA:19,0,0,0
BRDA:19,0,1,0
BRDA:47,1,0,0
BRDA:47,1,1,0
BRF:4
BRH:0
end_of_record
TN:
SF:src/Infrastructure/Persistence/CosmosReservationSnapshotRepository.ts
FN:11,(anonymous_0)
FN:19,(anonymous_1)
FN:23,(anonymous_2)
FN:35,(anonymous_3)
FN:44,(anonymous_4)
FN:53,(anonymous_5)
FNF:6
FNH:0
FNDA:0,(anonymous_0)
FNDA:0,(anonymous_1)
FNDA:0,(anonymous_2)
FNDA:0,(anonymous_3)
FNDA:0,(anonymous_4)
FNDA:0,(anonymous_5)
DA:1,0
DA:4,0
DA:6,0
DA:12,0
DA:14,0
DA:20,0
DA:26,0
DA:31,0
DA:32,0
DA:36,0
DA:40,0
DA:41,0
DA:45,0
DA:49,0
DA:50,0
DA:57,0
DA:58,0
DA:60,0
DA:61,0
DA:63,0
LF:20
LH:0
BRDA:32,0,0,0
BRDA:32,0,1,0
BRDA:58,1,0,0
BRDA:58,1,1,0
BRF:4
BRH:0
end_of_record
